<?xml version="1.0" encoding="UTF-8"?>
<!-- Generated by org.testng.reporters.JUnitReportReporter -->
<testsuite hostname="MGC17NW416NQ" failures="0" tests="1" name="ios.Login" time="64.748" errors="0" timestamp="20 May 2024 13:02:23 GMT" skipped="0">
  <testcase classname="ios.Login" name="Login" time="64.748"/>
</testsuite> <!-- ios.Login -->
