<?xml version="1.0" encoding="UTF-8"?>
<!-- Generated by org.testng.reporters.JUnitReportReporter -->
<testsuite hostname="MGC17NW416NQ" failures="0" tests="1" name="ios.PasswordPageValidations" time="150.482" errors="0" timestamp="21 May 2024 16:22:26 GMT" skipped="0">
  <testcase classname="ios.PasswordPageValidations" name="PasswordValidations" time="150.482"/>
</testsuite> <!-- ios.PasswordPageValidations -->
