<?xml version="1.0" encoding="UTF-8"?>
<!-- Generated by org.testng.reporters.JUnitReportReporter -->
<testsuite hostname="MGC17NW416NQ" failures="0" tests="1" name="ios.FooterLinksAllPages" time="352.921" errors="0" timestamp="20 May 2024 16:45:26 GMT" skipped="0">
  <testcase classname="ios.FooterLinksAllPages" name="FooterLinksTest" time="352.921"/>
</testsuite> <!-- ios.FooterLinksAllPages -->
