<?xml version="1.0" encoding="UTF-8"?>
<!-- Generated by org.testng.reporters.JUnitReportReporter -->
<testsuite hostname="MGC17NW416NQ" failures="0" tests="1" name="ios.PricingTierPageValidations" time="64.643" errors="0" timestamp="21 May 2024 16:06:12 GMT" skipped="0">
  <testcase classname="ios.PricingTierPageValidations" name="PricingTierPageValidations" time="64.643"/>
</testsuite> <!-- ios.PricingTierPageValidations -->
