<?xml version="1.0" encoding="UTF-8"?>
<!-- Generated by org.testng.reporters.JUnitReportReporter -->
<testsuite hostname="MGC17NW416NQ" failures="0" tests="1" name="ios.SignupFordrive" time="149.684" errors="0" timestamp="20 May 2024 16:53:58 GMT" skipped="0">
  <testcase classname="ios.SignupFordrive" name="SignupForddrive" time="149.684"/>
</testsuite> <!-- ios.SignupFordrive -->
