<?xml version="1.0" encoding="UTF-8"?>
<!-- Generated by org.testng.reporters.JUnitReportReporter -->
<testsuite hostname="MGC17NW416NQ" failures="0" tests="1" name="ios.LowCreditScore" time="103.736" errors="0" timestamp="20 May 2024 16:49:58 GMT" skipped="0">
  <testcase classname="ios.LowCreditScore" name="LowScoreTest" time="103.736"/>
</testsuite> <!-- ios.LowCreditScore -->
