<?xml version="1.0" encoding="UTF-8"?>
<!-- Generated by org.testng.reporters.JUnitReportReporter -->
<testsuite hostname="MGC17NW416NQ" failures="0" tests="1" name="ios.ExperianFail" time="105.963" errors="0" timestamp="20 May 2024 16:45:26 GMT" skipped="0">
  <testcase classname="ios.ExperianFail" name="ExperianFailTest" time="105.963"/>
</testsuite> <!-- ios.ExperianFail -->
