<?xml version="1.0" encoding="UTF-8"?>
<!-- Generated by org.testng.reporters.JUnitReportReporter -->
<testsuite hostname="MGC17NW416NQ" failures="0" tests="1" name="ios.ApplicationPageValidations" time="114.171" errors="0" timestamp="21 May 2024 16:06:12 GMT" skipped="0">
  <testcase classname="ios.ApplicationPageValidations" name="ApplicationPageValidations" time="114.171"/>
</testsuite> <!-- ios.ApplicationPageValidations -->
